[debug] [2022-05-20T20:24:35.776Z] ----------------------------------------------------------------------
[debug] [2022-05-20T20:24:35.779Z] Command:       C:\Program Files\nodejs\node.exe C:\Users\Asadujjaman Julhas\AppData\Roaming\npm\node_modules\firebase-tools\lib\bin\firebase.js deploy
[debug] [2022-05-20T20:24:35.780Z] CLI Version:   11.0.0
[debug] [2022-05-20T20:24:35.780Z] Platform:      win32
[debug] [2022-05-20T20:24:35.780Z] Node Version:  v16.14.0
[debug] [2022-05-20T20:24:35.785Z] Time:          Sat May 21 2022 02:24:35 GMT+0600 (Bangladesh Standard Time)
[debug] [2022-05-20T20:24:35.785Z] ----------------------------------------------------------------------
[debug] 
[debug] [2022-05-20T20:24:35.863Z] > command requires scopes: ["email","openid","https://www.googleapis.com/auth/cloudplatformprojects.readonly","https://www.googleapis.com/auth/firebase","https://www.googleapis.com/auth/cloud-platform"]
[debug] [2022-05-20T20:24:35.863Z] > authorizing via signed-in user (asadjulhas@gmail.com)
[debug] [2022-05-20T20:24:35.863Z] [iam] checking project doctor-portal-3890e for permissions ["firebase.projects.get","firebasehosting.sites.update"]
[debug] [2022-05-20T20:24:35.865Z] > refreshing access token with scopes: []
[debug] [2022-05-20T20:24:35.866Z] >>> HTTP REQUEST POST https://www.googleapis.com/oauth2/v3/token  
 <request body omitted>
[debug] [2022-05-20T20:24:36.235Z] <<< HTTP RESPONSE 200 {"expires":"Mon, 01 Jan 1990 00:00:00 GMT","cache-control":"no-cache, no-store, max-age=0, must-revalidate","date":"Fri, 20 May 2022 20:24:37 GMT","pragma":"no-cache","content-type":"application/json; charset=utf-8","vary":"X-Origin, Referer, Origin,Accept-Encoding","server":"scaffolding on HTTPServer2","x-xss-protection":"0","x-frame-options":"SAMEORIGIN","x-content-type-options":"nosniff","alt-svc":"h3=\":443\"; ma=2592000,h3-29=\":443\"; ma=2592000,h3-Q050=\":443\"; ma=2592000,h3-Q046=\":443\"; ma=2592000,h3-Q043=\":443\"; ma=2592000,quic=\":443\"; ma=2592000; v=\"46,43\"","accept-ranges":"none","transfer-encoding":"chunked"}
[debug] [2022-05-20T20:24:36.247Z] >>> [apiv2][query] POST https://cloudresourcemanager.googleapis.com/v1/projects/doctor-portal-3890e:testIamPermissions [none]
[debug] [2022-05-20T20:24:36.247Z] >>> [apiv2][body] POST https://cloudresourcemanager.googleapis.com/v1/projects/doctor-portal-3890e:testIamPermissions {"permissions":["firebase.projects.get","firebasehosting.sites.update"]}
[debug] [2022-05-20T20:24:38.000Z] <<< [apiv2][status] POST https://cloudresourcemanager.googleapis.com/v1/projects/doctor-portal-3890e:testIamPermissions 200
[debug] [2022-05-20T20:24:38.001Z] <<< [apiv2][body] POST https://cloudresourcemanager.googleapis.com/v1/projects/doctor-portal-3890e:testIamPermissions {"permissions":["firebase.projects.get","firebasehosting.sites.update"]}
[debug] [2022-05-20T20:24:38.003Z] >>> [apiv2][query] GET https://firebase.googleapis.com/v1beta1/projects/doctor-portal-3890e [none]
[debug] [2022-05-20T20:24:38.778Z] <<< [apiv2][status] GET https://firebase.googleapis.com/v1beta1/projects/doctor-portal-3890e 200
[debug] [2022-05-20T20:24:38.779Z] <<< [apiv2][body] GET https://firebase.googleapis.com/v1beta1/projects/doctor-portal-3890e {"projectId":"doctor-portal-3890e","projectNumber":"854023921298","displayName":"Doctor Portal","name":"projects/doctor-portal-3890e","resources":{"hostingSite":"doctor-portal-3890e"},"state":"ACTIVE"}
[info] 
[info] === Deploying to 'doctor-portal-3890e'...
[info] 
[info] i  deploying hosting 
[debug] [2022-05-20T20:24:38.783Z] >>> [apiv2][query] GET https://firebase.googleapis.com/v1beta1/projects/doctor-portal-3890e [none]
[debug] [2022-05-20T20:24:39.314Z] <<< [apiv2][status] GET https://firebase.googleapis.com/v1beta1/projects/doctor-portal-3890e 200
[debug] [2022-05-20T20:24:39.314Z] <<< [apiv2][body] GET https://firebase.googleapis.com/v1beta1/projects/doctor-portal-3890e {"projectId":"doctor-portal-3890e","projectNumber":"854023921298","displayName":"Doctor Portal","name":"projects/doctor-portal-3890e","resources":{"hostingSite":"doctor-portal-3890e"},"state":"ACTIVE"}
[debug] [2022-05-20T20:24:39.317Z] >>> [apiv2][query] POST https://firebasehosting.googleapis.com/v1beta1/projects/854023921298/sites/doctor-portal-3890e/versions [none]
[debug] [2022-05-20T20:24:39.318Z] >>> [apiv2][body] POST https://firebasehosting.googleapis.com/v1beta1/projects/854023921298/sites/doctor-portal-3890e/versions {"config":{"rewrites":[{"glob":"**","path":"/index.html"}]},"labels":{"deployment-tool":"cli-firebase"}}
[debug] [2022-05-20T20:24:41.581Z] <<< [apiv2][status] POST https://firebasehosting.googleapis.com/v1beta1/projects/854023921298/sites/doctor-portal-3890e/versions 200
[debug] [2022-05-20T20:24:41.581Z] <<< [apiv2][body] POST https://firebasehosting.googleapis.com/v1beta1/projects/854023921298/sites/doctor-portal-3890e/versions {"name":"projects/854023921298/sites/doctor-portal-3890e/versions/50780b8b9c503196","status":"CREATED","config":{"rewrites":[{"glob":"**","path":"/index.html"}]},"labels":{"deployment-tool":"cli-firebase"}}
[info] i  hosting[doctor-portal-3890e]: beginning deploy... 
[info] i  hosting[doctor-portal-3890e]: found 25 files in build 
[debug] [2022-05-20T20:24:41.595Z] [hosting] uploading with 200 concurrency
[debug] [2022-05-20T20:24:41.864Z] [hosting] hash cache [YnVpbGQ] stored for 25 files
[debug] [2022-05-20T20:24:41.865Z] [hosting][hash queue][FINAL] {"max":257,"min":6,"avg":28.56,"active":0,"complete":25,"success":25,"errored":0,"retried":0,"total":25,"elapsed":268}
[debug] [2022-05-20T20:24:41.866Z] >>> [apiv2][query] POST https://firebasehosting.googleapis.com/v1beta1/projects/854023921298/sites/doctor-portal-3890e/versions/50780b8b9c503196:populateFiles [none]
[debug] [2022-05-20T20:24:41.866Z] >>> [apiv2][body] POST https://firebasehosting.googleapis.com/v1beta1/projects/854023921298/sites/doctor-portal-3890e/versions/50780b8b9c503196:populateFiles {"files":{"/favicon.ico":"eae62e993eb980ec8a25058c39d5a51feab118bd2100c4deebb2a9c158ec11f9","/logo192.png":"3ee59515172ee198f3be375979df15ac5345183e656720a381b8872b2a39dc8b","/logo512.png":"ee7e2f3fdb8209c4b6fd7bef6ba50d1b9dba30a25bb5c3126df057e1cb6f5331","/manifest.json":"aff3449bdc238776f5d6d967f19ec491b36aed5fb7f23ccff6500736fd58494a","/robots.txt":"bfe106a3fb878dc83461c86818bf74fc1bdc7f28538ba613cd3e775516ce8b49","/asset-manifest.json":"4454761aff39ebc0efc95478eee577b274f3905b39bc9a8dc08778493b4258e1","/index.html":"c2b16ba5ce20a0bc06a6e188c3c9f3a9493de4c57ebb9a61283812954935bd62","/services.json":"b276a9f1441681fe152f890ea231437f4146835fba68786e5762b811c0e72652","/static/js/787.e792ca90.chunk.js":"d32fdccf15f434036ec4ac3ccee5917d302d32a92946a87e2f2981aa5218ab83","/static/js/main.b177e9f3.js.LICENSE.txt":"78553a9b8615649f087806b08b520f6bc1b53811c5b0a33d94c67474db9bf639","/static/js/787.e792ca90.chunk.js.map":"d576567a06c6415901f9b5bb0141c43d215196a1394727ea879e90c2f00761e4","/static/media/clock.623246e126ee58a8d90f2460c08c0f6b.svg":"ef377e3669e8685adaa6e2ab509551b3f81f508dc16688315ab6b6c78f75631e","/static/media/google.33c2ed801b835d9da906e69b13b8c65e.svg":"6b4dc58451432ce14c456b31e86e893bdeb03c3c1efdb1c13eb4cb6e4f23a4b0","/static/media/logo.6ce24c58023cc2f8fd88fe9d219db6c6.svg":"ac1a3d8899432561573d6a5cf56459437c09b902599a1deb91c0f8d4bb40459d","/static/media/marker.0bdab1635363afd723adbfe035c3358e.svg":"26dc49a46760bb6131e2c8ecb63058a6d18897b041f96300ad6676fca7ed2259","/static/media/phone.0b1c25f70938a97d59d5c7c1796f0b61.svg":"3721a668c78166ccd3b59a4b5de5715993b1d93cf60f92ec0c2ac6fba0cee200","/static/css/main.c2a944cc.css.map":"a57448a09d35abed2b4c88d71d7ec3bc97341dfed3899c73b648b5eb46084a8a","/static/css/main.c2a944cc.css":"dd558e5558a1eb1bcf1d462c5bbe123b0daabd0c9a44f0b705456b1f2aa407ff","/static/media/chair.3ca333d1fa050f6e6eb4.png":"b612eade861cff5c89df42505ca28ff4a698e1439a7703e8d4fefd69e3fdf672","/static/media/doctor.e19d4a4ca19320eaa82c.png":"0cddf2ed5c201e98f03b66be94ee75d7d027cb0a7371b3eb8390333f4ee71110","/static/media/treatment.4663af1929c734cd3854.png":"a58b36458ee046e34b82a6dbe35816a2f7f744ff8654e9ef3b26b715cecd7347","/static/media/footer.44c30585194ef96c686f.png":"988eaf7855170a86758d4b3b4eae40c9943df7277c8a1bd1d3b7b7473ab794ae","/static/js/main.b177e9f3.js":"1e70dfa4432e26d9c5ff81c1db02d4560df1c407fc0a5948374bb01e52fdff9a","/static/media/appointment.d0d01a86a1465e3f2562.png":"4d0454ebc1973291989ffd1d603324713d20fdf3a8785d50af9a5e4b6e1bbe4f","/static/js/main.b177e9f3.js.map":"aaaa40788297faf1b54a5f82112830ca3e13bc07c5adb7af9edce3329034dded"}}
[debug] [2022-05-20T20:24:43.800Z] <<< [apiv2][status] POST https://firebasehosting.googleapis.com/v1beta1/projects/854023921298/sites/doctor-portal-3890e/versions/50780b8b9c503196:populateFiles 200
[debug] [2022-05-20T20:24:43.800Z] <<< [apiv2][body] POST https://firebasehosting.googleapis.com/v1beta1/projects/854023921298/sites/doctor-portal-3890e/versions/50780b8b9c503196:populateFiles {"uploadRequiredHashes":["a57448a09d35abed2b4c88d71d7ec3bc97341dfed3899c73b648b5eb46084a8a","b276a9f1441681fe152f890ea231437f4146835fba68786e5762b811c0e72652","aaaa40788297faf1b54a5f82112830ca3e13bc07c5adb7af9edce3329034dded","dd558e5558a1eb1bcf1d462c5bbe123b0daabd0c9a44f0b705456b1f2aa407ff","1e70dfa4432e26d9c5ff81c1db02d4560df1c407fc0a5948374bb01e52fdff9a","4454761aff39ebc0efc95478eee577b274f3905b39bc9a8dc08778493b4258e1","c2b16ba5ce20a0bc06a6e188c3c9f3a9493de4c57ebb9a61283812954935bd62"],"uploadUrl":"https://upload-firebasehosting.googleapis.com/upload/sites/doctor-portal-3890e/versions/50780b8b9c503196/files"}
[debug] [2022-05-20T20:24:43.802Z] >>> [apiv2][query] POST https://upload-firebasehosting.googleapis.com/upload/sites/doctor-portal-3890e/versions/50780b8b9c503196/files/a57448a09d35abed2b4c88d71d7ec3bc97341dfed3899c73b648b5eb46084a8a [none]
[debug] [2022-05-20T20:24:43.802Z] >>> [apiv2][body] POST https://upload-firebasehosting.googleapis.com/upload/sites/doctor-portal-3890e/versions/50780b8b9c503196/files/a57448a09d35abed2b4c88d71d7ec3bc97341dfed3899c73b648b5eb46084a8a [stream]
[debug] [2022-05-20T20:24:43.804Z] >>> [apiv2][query] POST https://upload-firebasehosting.googleapis.com/upload/sites/doctor-portal-3890e/versions/50780b8b9c503196/files/b276a9f1441681fe152f890ea231437f4146835fba68786e5762b811c0e72652 [none]
[debug] [2022-05-20T20:24:43.804Z] >>> [apiv2][body] POST https://upload-firebasehosting.googleapis.com/upload/sites/doctor-portal-3890e/versions/50780b8b9c503196/files/b276a9f1441681fe152f890ea231437f4146835fba68786e5762b811c0e72652 [stream]
[debug] [2022-05-20T20:24:43.805Z] >>> [apiv2][query] POST https://upload-firebasehosting.googleapis.com/upload/sites/doctor-portal-3890e/versions/50780b8b9c503196/files/aaaa40788297faf1b54a5f82112830ca3e13bc07c5adb7af9edce3329034dded [none]
[debug] [2022-05-20T20:24:43.805Z] >>> [apiv2][body] POST https://upload-firebasehosting.googleapis.com/upload/sites/doctor-portal-3890e/versions/50780b8b9c503196/files/aaaa40788297faf1b54a5f82112830ca3e13bc07c5adb7af9edce3329034dded [stream]
[debug] [2022-05-20T20:24:43.806Z] >>> [apiv2][query] POST https://upload-firebasehosting.googleapis.com/upload/sites/doctor-portal-3890e/versions/50780b8b9c503196/files/dd558e5558a1eb1bcf1d462c5bbe123b0daabd0c9a44f0b705456b1f2aa407ff [none]
[debug] [2022-05-20T20:24:43.806Z] >>> [apiv2][body] POST https://upload-firebasehosting.googleapis.com/upload/sites/doctor-portal-3890e/versions/50780b8b9c503196/files/dd558e5558a1eb1bcf1d462c5bbe123b0daabd0c9a44f0b705456b1f2aa407ff [stream]
[debug] [2022-05-20T20:24:43.808Z] >>> [apiv2][query] POST https://upload-firebasehosting.googleapis.com/upload/sites/doctor-portal-3890e/versions/50780b8b9c503196/files/1e70dfa4432e26d9c5ff81c1db02d4560df1c407fc0a5948374bb01e52fdff9a [none]
[debug] [2022-05-20T20:24:43.808Z] >>> [apiv2][body] POST https://upload-firebasehosting.googleapis.com/upload/sites/doctor-portal-3890e/versions/50780b8b9c503196/files/1e70dfa4432e26d9c5ff81c1db02d4560df1c407fc0a5948374bb01e52fdff9a [stream]
[debug] [2022-05-20T20:24:43.809Z] >>> [apiv2][query] POST https://upload-firebasehosting.googleapis.com/upload/sites/doctor-portal-3890e/versions/50780b8b9c503196/files/4454761aff39ebc0efc95478eee577b274f3905b39bc9a8dc08778493b4258e1 [none]
[debug] [2022-05-20T20:24:43.809Z] >>> [apiv2][body] POST https://upload-firebasehosting.googleapis.com/upload/sites/doctor-portal-3890e/versions/50780b8b9c503196/files/4454761aff39ebc0efc95478eee577b274f3905b39bc9a8dc08778493b4258e1 [stream]
[debug] [2022-05-20T20:24:43.810Z] >>> [apiv2][query] POST https://upload-firebasehosting.googleapis.com/upload/sites/doctor-portal-3890e/versions/50780b8b9c503196/files/c2b16ba5ce20a0bc06a6e188c3c9f3a9493de4c57ebb9a61283812954935bd62 [none]
[debug] [2022-05-20T20:24:43.810Z] >>> [apiv2][body] POST https://upload-firebasehosting.googleapis.com/upload/sites/doctor-portal-3890e/versions/50780b8b9c503196/files/c2b16ba5ce20a0bc06a6e188c3c9f3a9493de4c57ebb9a61283812954935bd62 [stream]
[debug] [2022-05-20T20:24:43.812Z] [hosting][populate queue][FINAL] {"max":1941,"min":1941,"avg":1941,"active":0,"complete":1,"success":1,"errored":0,"retried":0,"total":1,"elapsed":1951}
[debug] [2022-05-20T20:24:43.812Z] [hosting] uploads queued: 7
[debug] [2022-05-20T20:24:46.358Z] <<< [apiv2][status] POST https://upload-firebasehosting.googleapis.com/upload/sites/doctor-portal-3890e/versions/50780b8b9c503196/files/dd558e5558a1eb1bcf1d462c5bbe123b0daabd0c9a44f0b705456b1f2aa407ff 200
[debug] [2022-05-20T20:24:46.359Z] <<< [apiv2][body] POST https://upload-firebasehosting.googleapis.com/upload/sites/doctor-portal-3890e/versions/50780b8b9c503196/files/dd558e5558a1eb1bcf1d462c5bbe123b0daabd0c9a44f0b705456b1f2aa407ff [stream]
[debug] [2022-05-20T20:24:46.785Z] <<< [apiv2][status] POST https://upload-firebasehosting.googleapis.com/upload/sites/doctor-portal-3890e/versions/50780b8b9c503196/files/c2b16ba5ce20a0bc06a6e188c3c9f3a9493de4c57ebb9a61283812954935bd62 200
[debug] [2022-05-20T20:24:46.786Z] <<< [apiv2][body] POST https://upload-firebasehosting.googleapis.com/upload/sites/doctor-portal-3890e/versions/50780b8b9c503196/files/c2b16ba5ce20a0bc06a6e188c3c9f3a9493de4c57ebb9a61283812954935bd62 [stream]
[debug] [2022-05-20T20:24:46.853Z] <<< [apiv2][status] POST https://upload-firebasehosting.googleapis.com/upload/sites/doctor-portal-3890e/versions/50780b8b9c503196/files/a57448a09d35abed2b4c88d71d7ec3bc97341dfed3899c73b648b5eb46084a8a 200
[debug] [2022-05-20T20:24:46.853Z] <<< [apiv2][body] POST https://upload-firebasehosting.googleapis.com/upload/sites/doctor-portal-3890e/versions/50780b8b9c503196/files/a57448a09d35abed2b4c88d71d7ec3bc97341dfed3899c73b648b5eb46084a8a [stream]
[debug] [2022-05-20T20:24:46.871Z] <<< [apiv2][status] POST https://upload-firebasehosting.googleapis.com/upload/sites/doctor-portal-3890e/versions/50780b8b9c503196/files/b276a9f1441681fe152f890ea231437f4146835fba68786e5762b811c0e72652 200
[debug] [2022-05-20T20:24:46.872Z] <<< [apiv2][body] POST https://upload-firebasehosting.googleapis.com/upload/sites/doctor-portal-3890e/versions/50780b8b9c503196/files/b276a9f1441681fe152f890ea231437f4146835fba68786e5762b811c0e72652 [stream]
[debug] [2022-05-20T20:24:46.901Z] <<< [apiv2][status] POST https://upload-firebasehosting.googleapis.com/upload/sites/doctor-portal-3890e/versions/50780b8b9c503196/files/4454761aff39ebc0efc95478eee577b274f3905b39bc9a8dc08778493b4258e1 200
[debug] [2022-05-20T20:24:46.902Z] <<< [apiv2][body] POST https://upload-firebasehosting.googleapis.com/upload/sites/doctor-portal-3890e/versions/50780b8b9c503196/files/4454761aff39ebc0efc95478eee577b274f3905b39bc9a8dc08778493b4258e1 [stream]
[debug] [2022-05-20T20:24:47.369Z] <<< [apiv2][status] POST https://upload-firebasehosting.googleapis.com/upload/sites/doctor-portal-3890e/versions/50780b8b9c503196/files/1e70dfa4432e26d9c5ff81c1db02d4560df1c407fc0a5948374bb01e52fdff9a 200
[debug] [2022-05-20T20:24:47.369Z] <<< [apiv2][body] POST https://upload-firebasehosting.googleapis.com/upload/sites/doctor-portal-3890e/versions/50780b8b9c503196/files/1e70dfa4432e26d9c5ff81c1db02d4560df1c407fc0a5948374bb01e52fdff9a [stream]
[debug] [2022-05-20T20:24:47.773Z] <<< [apiv2][status] POST https://upload-firebasehosting.googleapis.com/upload/sites/doctor-portal-3890e/versions/50780b8b9c503196/files/aaaa40788297faf1b54a5f82112830ca3e13bc07c5adb7af9edce3329034dded 200
[debug] [2022-05-20T20:24:47.773Z] <<< [apiv2][body] POST https://upload-firebasehosting.googleapis.com/upload/sites/doctor-portal-3890e/versions/50780b8b9c503196/files/aaaa40788297faf1b54a5f82112830ca3e13bc07c5adb7af9edce3329034dded [stream]
[debug] [2022-05-20T20:24:47.773Z] [hosting][upload queue][FINAL] {"max":3972,"min":2558,"avg":3186.5714285714284,"active":0,"complete":7,"success":7,"errored":0,"retried":0,"total":7,"elapsed":3972}
[info] +  hosting[doctor-portal-3890e]: file upload complete 
[debug] [2022-05-20T20:24:47.774Z] [hosting] deploy completed after 6192ms
[debug] [2022-05-20T20:24:47.778Z] [
  {
    "config": {
      "public": "build",
      "ignore": [
        "firebase.json",
        "**/.*",
        "**/node_modules/**"
      ],
      "rewrites": [
        {
          "source": "**",
          "destination": "/index.html"
        }
      ],
      "site": "doctor-portal-3890e"
    },
    "site": "doctor-portal-3890e",
    "version": "projects/854023921298/sites/doctor-portal-3890e/versions/50780b8b9c503196"
  }
]
[info] i  hosting[doctor-portal-3890e]: finalizing version... 
[debug] [2022-05-20T20:24:47.780Z] >>> [apiv2][query] PATCH https://firebasehosting.googleapis.com/v1beta1/projects/854023921298/sites/doctor-portal-3890e/versions/50780b8b9c503196 updateMask=status%2Cconfig
[debug] [2022-05-20T20:24:47.780Z] >>> [apiv2][body] PATCH https://firebasehosting.googleapis.com/v1beta1/projects/854023921298/sites/doctor-portal-3890e/versions/50780b8b9c503196 {"status":"FINALIZED","config":{"rewrites":[{"glob":"**","path":"/index.html"}]}}
[debug] [2022-05-20T20:24:49.606Z] <<< [apiv2][status] PATCH https://firebasehosting.googleapis.com/v1beta1/projects/854023921298/sites/doctor-portal-3890e/versions/50780b8b9c503196 200
[debug] [2022-05-20T20:24:49.606Z] <<< [apiv2][body] PATCH https://firebasehosting.googleapis.com/v1beta1/projects/854023921298/sites/doctor-portal-3890e/versions/50780b8b9c503196 {"name":"projects/854023921298/sites/doctor-portal-3890e/versions/50780b8b9c503196","status":"FINALIZED","config":{"rewrites":[{"glob":"**","path":"/index.html"}]},"labels":{"deployment-tool":"cli-firebase"},"createTime":"2022-05-20T20:24:42.194476Z","createUser":{"email":"asadjulhas@gmail.com"},"finalizeTime":"2022-05-20T20:24:50.468222Z","finalizeUser":{"email":"asadjulhas@gmail.com"}}
[debug] [2022-05-20T20:24:49.606Z] [hosting] finalized version for doctor-portal-3890e:[object Object]
[info] +  hosting[doctor-portal-3890e]: version finalized 
[info] i  hosting[doctor-portal-3890e]: releasing new version... 
[debug] [2022-05-20T20:24:49.608Z] >>> [apiv2][query] POST https://firebasehosting.googleapis.com/v1beta1/projects/854023921298/sites/doctor-portal-3890e/releases versionName=projects%2F854023921298%2Fsites%2Fdoctor-portal-3890e%2Fversions%2F50780b8b9c503196
[debug] [2022-05-20T20:24:49.608Z] >>> [apiv2][body] POST https://firebasehosting.googleapis.com/v1beta1/projects/854023921298/sites/doctor-portal-3890e/releases {"message":null}
[debug] [2022-05-20T20:24:51.541Z] <<< [apiv2][status] POST https://firebasehosting.googleapis.com/v1beta1/projects/854023921298/sites/doctor-portal-3890e/releases 200
[debug] [2022-05-20T20:24:51.542Z] <<< [apiv2][body] POST https://firebasehosting.googleapis.com/v1beta1/projects/854023921298/sites/doctor-portal-3890e/releases {"name":"projects/854023921298/sites/doctor-portal-3890e/releases/1653078291806183","version":{"name":"projects/854023921298/sites/doctor-portal-3890e/versions/50780b8b9c503196","status":"FINALIZED","config":{"rewrites":[{"glob":"**","path":"/index.html"}]},"labels":{"deployment-tool":"cli-firebase"},"createTime":"2022-05-20T20:24:42.194476Z","createUser":{"email":"asadjulhas@gmail.com","imageUrl":"https://lh3.googleusercontent.com/a-/AOh14GjbQyez7UAjIhQkURcdY8g1aXzl8k7-1_rP_3Dbcw"},"finalizeTime":"2022-05-20T20:24:50.468222Z","finalizeUser":{"email":"asadjulhas@gmail.com","imageUrl":"https://lh3.googleusercontent.com/a-/AOh14GjbQyez7UAjIhQkURcdY8g1aXzl8k7-1_rP_3Dbcw"}},"type":"DEPLOY","releaseTime":"2022-05-20T20:24:51.806183526Z","releaseUser":{"email":"asadjulhas@gmail.com","imageUrl":"https://lh3.googleusercontent.com/a-/AOh14GjbQyez7UAjIhQkURcdY8g1aXzl8k7-1_rP_3Dbcw"}}
[debug] [2022-05-20T20:24:51.542Z] [hosting] release: {"name":"projects/854023921298/sites/doctor-portal-3890e/releases/1653078291806183","version":{"name":"projects/854023921298/sites/doctor-portal-3890e/versions/50780b8b9c503196","status":"FINALIZED","config":{"rewrites":[{"glob":"**","path":"/index.html"}]},"labels":{"deployment-tool":"cli-firebase"},"createTime":"2022-05-20T20:24:42.194476Z","createUser":{"email":"asadjulhas@gmail.com","imageUrl":"https://lh3.googleusercontent.com/a-/AOh14GjbQyez7UAjIhQkURcdY8g1aXzl8k7-1_rP_3Dbcw"},"finalizeTime":"2022-05-20T20:24:50.468222Z","finalizeUser":{"email":"asadjulhas@gmail.com","imageUrl":"https://lh3.googleusercontent.com/a-/AOh14GjbQyez7UAjIhQkURcdY8g1aXzl8k7-1_rP_3Dbcw"}},"type":"DEPLOY","releaseTime":"2022-05-20T20:24:51.806183526Z","releaseUser":{"email":"asadjulhas@gmail.com","imageUrl":"https://lh3.googleusercontent.com/a-/AOh14GjbQyez7UAjIhQkURcdY8g1aXzl8k7-1_rP_3Dbcw"}}
[info] +  hosting[doctor-portal-3890e]: release complete 
